[2026-03-08 03:55:09] [INFO] 检查当前版本...
[2026-03-08 03:55:11] [INFO] 当前版本: 2026.2.26
[2026-03-08 03:55:11] [INFO] 检查最新版本...
[2026-03-08 03:55:12] [INFO] 最新版本: 2026.3.7
[2026-03-08 04:16:41] [INFO] 检查当前版本...
[2026-03-08 04:16:43] [INFO] 当前版本: 2026.2.26
[2026-03-08 04:16:43] [INFO] 检查最新版本...
[2026-03-08 04:16:44] [INFO] 最新版本: 2026.3.7
[2026-03-08 04:16:49] [INFO] 执行更新风险评估...
[2026-03-08 04:16:52] [INFO] 风险评估完成: 🟢 低风险 (评分: 0)
[2026-03-08 04:16:57] [INFO] 检查当前版本...
[2026-03-08 04:16:58] [INFO] 当前版本: 2026.2.26
[2026-03-08 04:16:58] [INFO] 检查最新版本...
[2026-03-08 04:16:59] [INFO] 最新版本: 2026.3.7
[2026-03-08 04:16:59] [INFO] 执行预更新备份...
[2026-03-08 04:16:59] [INFO] 备份关键文件到 /Users/titen/.openclaw/backups/pre_update_20260308_041659
[2026-03-08 04:16:59] [INFO] ✅ 凭证已备份
[2026-03-08 04:16:59] [INFO] ✅ MEMORY.md 已备份
[2026-03-08 04:16:59] [INFO] ✅ Crontab 已备份
[2026-03-08 04:16:59] [INFO] ✅ 工作区脚本已备份
[2026-03-08 04:17:00] [INFO] ✅ 版本信息已备份
[2026-03-08 04:17:00] [INFO] 备份完成: /Users/titen/.openclaw/backups/pre_update_20260308_041659
[2026-03-08 04:17:00] [INFO] 执行更新风险评估...
[2026-03-08 04:17:00] [INFO] 风险评估完成: 🟢 低风险 (评分: 0)
[2026-03-08 04:17:00] [INFO] 升级已取消
