[Sun Mar  8 01:53:30 PST 2026] 检查 Token 消耗...
[Sun Mar  8 01:53:31 PST 2026] ✅ Token 检查完成
[Sun Mar  8 04:00:00 PDT 2026] 检查 Token 消耗...
[Sun Mar  8 04:00:04 PDT 2026] ✅ Token 检查完成
[Sun Mar  8 05:00:00 PDT 2026] 检查 Token 消耗...
[Sun Mar  8 05:00:03 PDT 2026] ✅ Token 检查完成
[Sun Mar  8 06:00:01 PDT 2026] 检查 Token 消耗...
[Sun Mar  8 06:00:02 PDT 2026] ✅ Token 检查完成
[Sun Mar  8 07:00:00 PDT 2026] 检查 Token 消耗...
[Sun Mar  8 07:00:02 PDT 2026] ✅ Token 检查完成
[Sun Mar  8 08:00:00 PDT 2026] 检查 Token 消耗...
[Sun Mar  8 08:00:03 PDT 2026] ✅ Token 检查完成
[Sun Mar  8 09:00:00 PDT 2026] 检查 Token 消耗...
[Sun Mar  8 09:00:03 PDT 2026] ✅ Token 检查完成
[Sun Mar  8 10:00:00 PDT 2026] 检查 Token 消耗...
[Sun Mar  8 10:00:01 PDT 2026] ✅ Token 检查完成
[Sun Mar  8 11:00:00 PDT 2026] 检查 Token 消耗...
[Sun Mar  8 11:00:03 PDT 2026] ✅ Token 检查完成
[Sun Mar  8 12:00:00 PDT 2026] 检查 Token 消耗...
[Sun Mar  8 12:00:03 PDT 2026] ✅ Token 检查完成
[Sun Mar  8 13:00:01 PDT 2026] 检查 Token 消耗...
[Sun Mar  8 13:00:01 PDT 2026] ✅ Token 检查完成
[Sun Mar  8 14:00:01 PDT 2026] 检查 Token 消耗...
[Sun Mar  8 14:00:03 PDT 2026] ✅ Token 检查完成
[Sun Mar  8 15:00:00 PDT 2026] 检查 Token 消耗...
[Sun Mar  8 15:00:03 PDT 2026] ✅ Token 检查完成
[Sun Mar  8 16:00:00 PDT 2026] 检查 Token 消耗...
[Sun Mar  8 16:00:03 PDT 2026] ✅ Token 检查完成
[Sun Mar  8 17:00:00 PDT 2026] 检查 Token 消耗...
[Sun Mar  8 17:00:02 PDT 2026] ✅ Token 检查完成
[Sun Mar  8 18:00:00 PDT 2026] 检查 Token 消耗...
[Sun Mar  8 18:00:02 PDT 2026] ✅ Token 检查完成
[Sun Mar  8 19:00:00 PDT 2026] 检查 Token 消耗...
[Sun Mar  8 19:00:03 PDT 2026] ✅ Token 检查完成
[Sun Mar  8 20:00:00 PDT 2026] 检查 Token 消耗...
[Sun Mar  8 20:00:02 PDT 2026] ✅ Token 检查完成
[Sun Mar  8 21:00:00 PDT 2026] 检查 Token 消耗...
[Sun Mar  8 21:00:01 PDT 2026] ✅ Token 检查完成
[Sun Mar  8 22:00:00 PDT 2026] 检查 Token 消耗...
[Sun Mar  8 22:00:02 PDT 2026] ✅ Token 检查完成
[Sun Mar  8 23:00:00 PDT 2026] 检查 Token 消耗...
[Sun Mar  8 23:00:02 PDT 2026] ✅ Token 检查完成
[Mon Mar  9 00:00:00 PDT 2026] 检查 Token 消耗...
[Mon Mar  9 00:00:03 PDT 2026] ✅ Token 检查完成
[Mon Mar  9 01:00:00 PDT 2026] 检查 Token 消耗...
[Mon Mar  9 01:00:01 PDT 2026] ✅ Token 检查完成
[Mon Mar  9 02:00:00 PDT 2026] 检查 Token 消耗...
[Mon Mar  9 02:00:02 PDT 2026] ✅ Token 检查完成
[Mon Mar  9 03:00:00 PDT 2026] 检查 Token 消耗...
[Mon Mar  9 03:00:03 PDT 2026] ✅ Token 检查完成
[Mon Mar  9 04:00:00 PDT 2026] 检查 Token 消耗...
[Mon Mar  9 04:00:01 PDT 2026] ✅ Token 检查完成
[Mon Mar  9 05:00:00 PDT 2026] 检查 Token 消耗...
[Mon Mar  9 05:00:04 PDT 2026] ✅ Token 检查完成
[Mon Mar  9 06:00:00 PDT 2026] 检查 Token 消耗...
[Mon Mar  9 06:00:03 PDT 2026] ✅ Token 检查完成
[Mon Mar  9 07:00:00 PDT 2026] 检查 Token 消耗...
[Mon Mar  9 07:00:03 PDT 2026] ✅ Token 检查完成
[Mon Mar  9 08:00:01 PDT 2026] 检查 Token 消耗...
[Mon Mar  9 08:00:03 PDT 2026] ✅ Token 检查完成
[Mon Mar  9 09:00:00 PDT 2026] 检查 Token 消耗...
[Mon Mar  9 09:00:01 PDT 2026] ✅ Token 检查完成
[Mon Mar  9 10:00:00 PDT 2026] 检查 Token 消耗...
[Mon Mar  9 10:00:01 PDT 2026] ✅ Token 检查完成
[Mon Mar  9 11:00:00 PDT 2026] 检查 Token 消耗...
[Mon Mar  9 11:00:01 PDT 2026] ✅ Token 检查完成
[Mon Mar  9 12:00:00 PDT 2026] 检查 Token 消耗...
[Mon Mar  9 12:00:02 PDT 2026] ✅ Token 检查完成
[Mon Mar  9 13:00:00 PDT 2026] 检查 Token 消耗...
[Mon Mar  9 13:00:04 PDT 2026] ✅ Token 检查完成
[Mon Mar  9 14:00:01 PDT 2026] 检查 Token 消耗...
[Mon Mar  9 14:00:05 PDT 2026] ✅ Token 检查完成
[Mon Mar  9 15:00:01 PDT 2026] 检查 Token 消耗...
[Mon Mar  9 15:00:02 PDT 2026] ✅ Token 检查完成
[Mon Mar  9 16:00:00 PDT 2026] 检查 Token 消耗...
[Mon Mar  9 16:00:02 PDT 2026] ✅ Token 检查完成
[Mon Mar  9 17:00:00 PDT 2026] 检查 Token 消耗...
[Mon Mar  9 17:00:02 PDT 2026] ✅ Token 检查完成
[Mon Mar  9 18:00:00 PDT 2026] 检查 Token 消耗...
[Mon Mar  9 18:00:03 PDT 2026] ✅ Token 检查完成
[Mon Mar  9 19:00:01 PDT 2026] 检查 Token 消耗...
[Mon Mar  9 19:00:02 PDT 2026] ✅ Token 检查完成
[Mon Mar  9 20:00:01 PDT 2026] 检查 Token 消耗...
[Mon Mar  9 20:00:03 PDT 2026] ✅ Token 检查完成
[Mon Mar  9 21:00:00 PDT 2026] 检查 Token 消耗...
[Mon Mar  9 21:00:01 PDT 2026] ✅ Token 检查完成
[Mon Mar  9 22:00:00 PDT 2026] 检查 Token 消耗...
[Mon Mar  9 22:00:01 PDT 2026] ✅ Token 检查完成
[Mon Mar  9 23:00:00 PDT 2026] 检查 Token 消耗...
[Mon Mar  9 23:00:02 PDT 2026] ✅ Token 检查完成
[Tue Mar 10 00:00:00 PDT 2026] 检查 Token 消耗...
[Tue Mar 10 00:00:02 PDT 2026] ✅ Token 检查完成
[Tue Mar 10 01:00:01 PDT 2026] 检查 Token 消耗...
[Tue Mar 10 01:00:03 PDT 2026] ✅ Token 检查完成
[Tue Mar 10 02:00:00 PDT 2026] 检查 Token 消耗...
[Tue Mar 10 02:00:02 PDT 2026] ✅ Token 检查完成
[Tue Mar 10 03:00:01 PDT 2026] 检查 Token 消耗...
[Tue Mar 10 03:00:02 PDT 2026] ✅ Token 检查完成
[Tue Mar 10 04:00:00 PDT 2026] 检查 Token 消耗...
[Tue Mar 10 04:00:03 PDT 2026] ✅ Token 检查完成
[Tue Mar 10 05:00:00 PDT 2026] 检查 Token 消耗...
[Tue Mar 10 05:00:02 PDT 2026] ✅ Token 检查完成
[Tue Mar 10 06:00:01 PDT 2026] 检查 Token 消耗...
[Tue Mar 10 06:00:02 PDT 2026] ✅ Token 检查完成
[Tue Mar 10 07:00:01 PDT 2026] 检查 Token 消耗...
[Tue Mar 10 07:00:03 PDT 2026] ✅ Token 检查完成
[Tue Mar 10 08:00:00 PDT 2026] 检查 Token 消耗...
[Tue Mar 10 08:00:03 PDT 2026] ✅ Token 检查完成
[Tue Mar 10 09:00:00 PDT 2026] 检查 Token 消耗...
[Tue Mar 10 09:00:02 PDT 2026] ✅ Token 检查完成
[Tue Mar 10 10:00:00 PDT 2026] 检查 Token 消耗...
[Tue Mar 10 10:00:02 PDT 2026] ✅ Token 检查完成
[Tue Mar 10 11:00:01 PDT 2026] 检查 Token 消耗...
[Tue Mar 10 11:00:04 PDT 2026] ✅ Token 检查完成
[Tue Mar 10 12:00:00 PDT 2026] 检查 Token 消耗...
[Tue Mar 10 12:00:03 PDT 2026] ✅ Token 检查完成
[Tue Mar 10 13:00:00 PDT 2026] 检查 Token 消耗...
[Tue Mar 10 13:00:03 PDT 2026] ✅ Token 检查完成
[Tue Mar 10 14:00:01 PDT 2026] 检查 Token 消耗...
[Tue Mar 10 14:00:03 PDT 2026] ✅ Token 检查完成
[Tue Mar 10 15:00:01 PDT 2026] 检查 Token 消耗...
[Tue Mar 10 15:00:02 PDT 2026] ✅ Token 检查完成
[Tue Mar 10 16:00:00 PDT 2026] 检查 Token 消耗...
[Tue Mar 10 16:00:03 PDT 2026] ✅ Token 检查完成
[Tue Mar 10 17:00:00 PDT 2026] 检查 Token 消耗...
[Tue Mar 10 17:00:02 PDT 2026] ✅ Token 检查完成
[Tue Mar 10 18:00:01 PDT 2026] 检查 Token 消耗...
[Tue Mar 10 18:00:02 PDT 2026] ✅ Token 检查完成
[Tue Mar 10 19:00:00 PDT 2026] 检查 Token 消耗...
[Tue Mar 10 19:00:02 PDT 2026] ✅ Token 检查完成
[Tue Mar 10 20:00:00 PDT 2026] 检查 Token 消耗...
[Tue Mar 10 20:00:02 PDT 2026] ✅ Token 检查完成
[Tue Mar 10 21:00:00 PDT 2026] 检查 Token 消耗...
[Tue Mar 10 21:00:03 PDT 2026] ✅ Token 检查完成
[Tue Mar 10 22:00:00 PDT 2026] 检查 Token 消耗...
[Tue Mar 10 22:00:03 PDT 2026] ✅ Token 检查完成
[Tue Mar 10 23:00:00 PDT 2026] 检查 Token 消耗...
[Tue Mar 10 23:00:02 PDT 2026] ✅ Token 检查完成
[Wed Mar 11 00:00:01 PDT 2026] 检查 Token 消耗...
[Wed Mar 11 00:00:01 PDT 2026] ✅ Token 检查完成
[Wed Mar 11 01:00:00 PDT 2026] 检查 Token 消耗...
[Wed Mar 11 01:00:02 PDT 2026] ✅ Token 检查完成
[Wed Mar 11 02:00:00 PDT 2026] 检查 Token 消耗...
[Wed Mar 11 02:00:01 PDT 2026] ✅ Token 检查完成
[Wed Mar 11 03:00:01 PDT 2026] 检查 Token 消耗...
[Wed Mar 11 03:00:02 PDT 2026] ✅ Token 检查完成
[Wed Mar 11 04:00:00 PDT 2026] 检查 Token 消耗...
[Wed Mar 11 04:00:03 PDT 2026] ✅ Token 检查完成
[Wed Mar 11 05:00:00 PDT 2026] 检查 Token 消耗...
[Wed Mar 11 05:00:02 PDT 2026] ✅ Token 检查完成
[Wed Mar 11 06:00:00 PDT 2026] 检查 Token 消耗...
[Wed Mar 11 06:00:03 PDT 2026] ✅ Token 检查完成
[Wed Mar 11 07:00:00 PDT 2026] 检查 Token 消耗...
[Wed Mar 11 07:00:02 PDT 2026] ✅ Token 检查完成
[Wed Mar 11 08:00:01 PDT 2026] 检查 Token 消耗...
[Wed Mar 11 08:00:02 PDT 2026] ✅ Token 检查完成
[Wed Mar 11 09:00:00 PDT 2026] 检查 Token 消耗...
[Wed Mar 11 09:00:02 PDT 2026] ✅ Token 检查完成
[Wed Mar 11 10:00:00 PDT 2026] 检查 Token 消耗...
[Wed Mar 11 10:00:03 PDT 2026] ✅ Token 检查完成
[Wed Mar 11 11:00:00 PDT 2026] 检查 Token 消耗...
[Wed Mar 11 11:00:02 PDT 2026] ✅ Token 检查完成
[Wed Mar 11 12:00:00 PDT 2026] 检查 Token 消耗...
[Wed Mar 11 12:00:02 PDT 2026] ✅ Token 检查完成
[Wed Mar 11 13:00:01 PDT 2026] 检查 Token 消耗...
[Wed Mar 11 13:00:01 PDT 2026] ✅ Token 检查完成
[Wed Mar 11 14:00:00 PDT 2026] 检查 Token 消耗...
[Wed Mar 11 14:00:02 PDT 2026] ✅ Token 检查完成
[Wed Mar 11 15:00:00 PDT 2026] 检查 Token 消耗...
[Wed Mar 11 15:00:02 PDT 2026] ✅ Token 检查完成
[Wed Mar 11 16:00:01 PDT 2026] 检查 Token 消耗...
[Wed Mar 11 16:00:03 PDT 2026] ✅ Token 检查完成
[Wed Mar 11 17:00:00 PDT 2026] 检查 Token 消耗...
[Wed Mar 11 17:00:02 PDT 2026] ✅ Token 检查完成
[Wed Mar 11 18:00:00 PDT 2026] 检查 Token 消耗...
[Wed Mar 11 18:00:02 PDT 2026] ✅ Token 检查完成
[Wed Mar 11 19:00:00 PDT 2026] 检查 Token 消耗...
[Wed Mar 11 19:00:02 PDT 2026] ✅ Token 检查完成
[Wed Mar 11 20:00:00 PDT 2026] 检查 Token 消耗...
[Wed Mar 11 20:00:02 PDT 2026] ✅ Token 检查完成
[Wed Mar 11 21:00:00 PDT 2026] 检查 Token 消耗...
[Wed Mar 11 21:00:03 PDT 2026] ✅ Token 检查完成
[Wed Mar 11 22:00:00 PDT 2026] 检查 Token 消耗...
[Wed Mar 11 22:00:02 PDT 2026] ✅ Token 检查完成
[Wed Mar 11 23:00:01 PDT 2026] 检查 Token 消耗...
[Wed Mar 11 23:00:03 PDT 2026] ✅ Token 检查完成
[Thu Mar 12 00:00:00 PDT 2026] 检查 Token 消耗...
[Thu Mar 12 00:00:01 PDT 2026] ✅ Token 检查完成
